[0m14:40:23.670721 [debug] [MainThread]: Sending event: {'category': 'dbt', 'action': 'invocation', 'label': 'start', 'context': [<snowplow_tracker.self_describing_json.SelfDescribingJson object at 0x000001F8742D7020>, <snowplow_tracker.self_describing_json.SelfDescribingJson object at 0x000001F8742D6210>, <snowplow_tracker.self_describing_json.SelfDescribingJson object at 0x000001F8742D5730>]}


============================== 14:40:23.675159 | 3e1fe6d8-9298-4d5a-8929-fe2911dd6c58 ==============================
[0m14:40:23.675159 [info ] [MainThread]: Running with dbt=1.7.8
[0m14:40:23.676667 [debug] [MainThread]: running dbt with arguments {'printer_width': '80', 'indirect_selection': 'eager', 'write_json': 'True', 'log_cache_events': 'False', 'partial_parse': 'True', 'cache_selected_only': 'False', 'profiles_dir': 'C:\\Users\\windows11\\.dbt', 'version_check': 'True', 'debug': 'False', 'log_path': 'logs', 'fail_fast': 'False', 'warn_error': 'None', 'use_colors': 'True', 'use_experimental_parser': 'False', 'no_print': 'None', 'quiet': 'False', 'warn_error_options': 'WarnErrorOptions(include=[], exclude=[])', 'invocation_command': 'dbt init', 'log_format': 'default', 'introspect': 'True', 'target_path': 'None', 'static_parser': 'True', 'send_anonymous_usage_stats': 'True'}
[0m14:40:39.232032 [debug] [MainThread]: Starter project path: C:\Users\windows11\Documents\HackerU\Final Project\dbt\dbt_venv\Lib\site-packages\dbt\include\starter_project
[0m14:40:39.258774 [info ] [MainThread]: 
Your new dbt project "final_proj" was created!

For more information on how to configure the profiles.yml file,
please consult the dbt documentation here:

  https://docs.getdbt.com/docs/configure-your-profile

One more thing:

Need help? Don't hesitate to reach out to us via GitHub issues or on Slack:

  https://community.getdbt.com/

Happy modeling!

[0m14:40:39.263311 [info ] [MainThread]: Setting up your profile.
[0m14:41:43.238421 [info ] [MainThread]: Profile final_proj written to C:\Users\windows11\.dbt\profiles.yml using target's profile_template.yml and your supplied values. Run 'dbt debug' to validate the connection.
[0m14:41:43.240928 [debug] [MainThread]: Command `dbt init` succeeded at 14:41:43.240928 after 79.64 seconds
[0m14:41:43.240928 [debug] [MainThread]: Sending event: {'category': 'dbt', 'action': 'invocation', 'label': 'end', 'context': [<snowplow_tracker.self_describing_json.SelfDescribingJson object at 0x000001F873D4A180>, <snowplow_tracker.self_describing_json.SelfDescribingJson object at 0x000001F873B43FB0>, <snowplow_tracker.self_describing_json.SelfDescribingJson object at 0x000001F873FC34A0>]}
[0m14:41:43.242445 [debug] [MainThread]: Flushing usage events
[0m14:41:57.083959 [debug] [MainThread]: Sending event: {'category': 'dbt', 'action': 'invocation', 'label': 'start', 'context': [<snowplow_tracker.self_describing_json.SelfDescribingJson object at 0x000001EBF5C7EFC0>, <snowplow_tracker.self_describing_json.SelfDescribingJson object at 0x000001EBF5C7F080>, <snowplow_tracker.self_describing_json.SelfDescribingJson object at 0x000001EBF5C7ED80>]}


============================== 14:41:57.088604 | bef5d35c-7d8a-4475-9909-24093541911d ==============================
[0m14:41:57.088604 [info ] [MainThread]: Running with dbt=1.7.8
[0m14:41:57.088604 [debug] [MainThread]: running dbt with arguments {'printer_width': '80', 'indirect_selection': 'eager', 'write_json': 'True', 'log_cache_events': 'False', 'partial_parse': 'True', 'cache_selected_only': 'False', 'profiles_dir': 'C:\\Users\\windows11\\.dbt', 'debug': 'False', 'warn_error': 'None', 'log_path': 'logs', 'fail_fast': 'False', 'version_check': 'True', 'use_colors': 'True', 'use_experimental_parser': 'False', 'no_print': 'None', 'quiet': 'False', 'warn_error_options': 'WarnErrorOptions(include=[], exclude=[])', 'static_parser': 'True', 'invocation_command': 'dbt debug', 'introspect': 'True', 'target_path': 'None', 'log_format': 'default', 'send_anonymous_usage_stats': 'True'}
[0m14:41:57.091061 [info ] [MainThread]: dbt version: 1.7.8
[0m14:41:57.092711 [info ] [MainThread]: python version: 3.12.2
[0m14:41:57.093263 [info ] [MainThread]: python path: C:\Users\windows11\Documents\HackerU\Final Project\dbt\dbt_venv\Scripts\python.exe
[0m14:41:57.094431 [info ] [MainThread]: os info: Windows-11-10.0.22631-SP0
[0m14:41:57.193444 [info ] [MainThread]: Using profiles dir at C:\Users\windows11\.dbt
[0m14:41:57.193444 [info ] [MainThread]: Using profiles.yml file at C:\Users\windows11\.dbt\profiles.yml
[0m14:41:57.196266 [info ] [MainThread]: Using dbt_project.yml file at C:\Users\windows11\Documents\HackerU\Final Project\dbt\dbt_project.yml
[0m14:41:57.196777 [error] [MainThread]: Encountered an error:
Internal Error
  Profile should not be None if loading profile completed
[0m14:41:57.198918 [debug] [MainThread]: Command `dbt debug` failed at 14:41:57.198918 after 0.19 seconds
[0m14:41:57.199943 [debug] [MainThread]: Sending event: {'category': 'dbt', 'action': 'invocation', 'label': 'end', 'context': [<snowplow_tracker.self_describing_json.SelfDescribingJson object at 0x000001EBF5B8D820>, <snowplow_tracker.self_describing_json.SelfDescribingJson object at 0x000001EBF560B470>, <snowplow_tracker.self_describing_json.SelfDescribingJson object at 0x000001EBF569E270>]}
[0m14:41:57.199943 [debug] [MainThread]: Flushing usage events
[0m14:43:15.946125 [debug] [MainThread]: Sending event: {'category': 'dbt', 'action': 'invocation', 'label': 'start', 'context': [<snowplow_tracker.self_describing_json.SelfDescribingJson object at 0x000002B2BD932750>, <snowplow_tracker.self_describing_json.SelfDescribingJson object at 0x000002B2BD933D40>, <snowplow_tracker.self_describing_json.SelfDescribingJson object at 0x000002B2BD932090>]}


============================== 14:43:15.950662 | 3ae22f0b-d14f-47ca-bd48-346da1f8eac9 ==============================
[0m14:43:15.950662 [info ] [MainThread]: Running with dbt=1.7.8
[0m14:43:15.950662 [debug] [MainThread]: running dbt with arguments {'printer_width': '80', 'indirect_selection': 'eager', 'write_json': 'True', 'log_cache_events': 'False', 'partial_parse': 'True', 'cache_selected_only': 'False', 'profiles_dir': 'C:\\Users\\windows11\\.dbt', 'fail_fast': 'False', 'debug': 'False', 'log_path': 'logs', 'warn_error': 'None', 'version_check': 'True', 'use_colors': 'True', 'use_experimental_parser': 'False', 'no_print': 'None', 'quiet': 'False', 'log_format': 'default', 'invocation_command': 'dbt debug', 'introspect': 'True', 'warn_error_options': 'WarnErrorOptions(include=[], exclude=[])', 'target_path': 'None', 'static_parser': 'True', 'send_anonymous_usage_stats': 'True'}
[0m14:43:15.952138 [info ] [MainThread]: dbt version: 1.7.8
[0m14:43:15.953249 [info ] [MainThread]: python version: 3.12.2
[0m14:43:15.953249 [info ] [MainThread]: python path: C:\Users\windows11\Documents\HackerU\Final Project\dbt\dbt_venv\Scripts\python.exe
[0m14:43:15.955052 [info ] [MainThread]: os info: Windows-11-10.0.22631-SP0
[0m14:43:16.044733 [info ] [MainThread]: Using profiles dir at C:\Users\windows11\.dbt
[0m14:43:16.044733 [info ] [MainThread]: Using profiles.yml file at C:\Users\windows11\.dbt\profiles.yml
[0m14:43:16.044733 [info ] [MainThread]: Using dbt_project.yml file at C:\Users\windows11\Documents\HackerU\Final Project\dbt\dbt_project.yml
[0m14:43:16.051468 [error] [MainThread]: Encountered an error:
Internal Error
  Profile should not be None if loading profile completed
[0m14:43:16.052483 [debug] [MainThread]: Command `dbt debug` failed at 14:43:16.052483 after 0.17 seconds
[0m14:43:16.053601 [debug] [MainThread]: Sending event: {'category': 'dbt', 'action': 'invocation', 'label': 'end', 'context': [<snowplow_tracker.self_describing_json.SelfDescribingJson object at 0x000002B2BD3A30E0>, <snowplow_tracker.self_describing_json.SelfDescribingJson object at 0x000002B2BC72BFE0>, <snowplow_tracker.self_describing_json.SelfDescribingJson object at 0x000002B2BD71F110>]}
[0m14:43:16.053601 [debug] [MainThread]: Flushing usage events
[0m14:43:40.563323 [debug] [MainThread]: Sending event: {'category': 'dbt', 'action': 'invocation', 'label': 'start', 'context': [<snowplow_tracker.self_describing_json.SelfDescribingJson object at 0x0000023E3EB96600>, <snowplow_tracker.self_describing_json.SelfDescribingJson object at 0x0000023E3EB97080>, <snowplow_tracker.self_describing_json.SelfDescribingJson object at 0x0000023E3EB97440>]}


============================== 14:43:40.564986 | 3c19ea96-25ee-4061-a009-806f49495562 ==============================
[0m14:43:40.564986 [info ] [MainThread]: Running with dbt=1.7.8
[0m14:43:40.564986 [debug] [MainThread]: running dbt with arguments {'printer_width': '80', 'indirect_selection': 'eager', 'log_cache_events': 'False', 'write_json': 'True', 'partial_parse': 'True', 'cache_selected_only': 'False', 'profiles_dir': 'C:\\Users\\windows11\\.dbt', 'fail_fast': 'False', 'warn_error': 'None', 'log_path': 'logs', 'debug': 'False', 'version_check': 'True', 'use_colors': 'True', 'use_experimental_parser': 'False', 'no_print': 'None', 'quiet': 'False', 'log_format': 'default', 'invocation_command': 'dbt run', 'introspect': 'True', 'static_parser': 'True', 'target_path': 'None', 'warn_error_options': 'WarnErrorOptions(include=[], exclude=[])', 'send_anonymous_usage_stats': 'True'}
[0m14:43:40.564986 [error] [MainThread]: Encountered an error:
Runtime Error
  No dbt_project.yml found at expected path C:\Users\windows11\Documents\HackerU\Final Project\dbt\dbt_project.yml
  Verify that each entry within packages.yml (and their transitive dependencies) contains a file named dbt_project.yml
  
[0m14:43:40.569581 [debug] [MainThread]: Command `dbt run` failed at 14:43:40.569581 after 0.09 seconds
[0m14:43:40.569581 [debug] [MainThread]: Sending event: {'category': 'dbt', 'action': 'invocation', 'label': 'end', 'context': [<snowplow_tracker.self_describing_json.SelfDescribingJson object at 0x0000023E3E997230>, <snowplow_tracker.self_describing_json.SelfDescribingJson object at 0x0000023E3EA1B050>, <snowplow_tracker.self_describing_json.SelfDescribingJson object at 0x0000023E3E371040>]}
[0m14:43:40.571265 [debug] [MainThread]: Flushing usage events
